INFO - 2024-01-27 04:03:21 --> Session: Class initialized using 'CodeIgniter\Session\Handlers\FileHandler' driver.
INFO - 2024-01-27 04:03:33 --> Session: Class initialized using 'CodeIgniter\Session\Handlers\FileHandler' driver.
INFO - 2024-01-27 04:03:37 --> Session: Class initialized using 'CodeIgniter\Session\Handlers\FileHandler' driver.
INFO - 2024-01-27 04:05:14 --> Session: Class initialized using 'CodeIgniter\Session\Handlers\FileHandler' driver.
INFO - 2024-01-27 04:05:17 --> Session: Class initialized using 'CodeIgniter\Session\Handlers\FileHandler' driver.
INFO - 2024-01-27 04:08:05 --> Session: Class initialized using 'CodeIgniter\Session\Handlers\FileHandler' driver.
INFO - 2024-01-27 04:08:24 --> Session: Class initialized using 'CodeIgniter\Session\Handlers\FileHandler' driver.
INFO - 2024-01-27 04:08:26 --> Session: Class initialized using 'CodeIgniter\Session\Handlers\FileHandler' driver.
INFO - 2024-01-27 04:09:15 --> Session: Class initialized using 'CodeIgniter\Session\Handlers\FileHandler' driver.
CRITICAL - 2024-01-27 04:09:15 --> ErrorException: Undefined array key "is_active"
in APPPATH\Controllers\Auth.php on line 61.
 1 APPPATH\Controllers\Auth.php(61): CodeIgniter\Debug\Exceptions->errorHandler(2, 'Undefined array key "is_active"', 'C:\\xampp\\htdocs\\ngo\\app\\Controllers\\Auth.php', 61)
 2 SYSTEMPATH\CodeIgniter.php(941): App\Controllers\Auth->submitSignIn()
 3 SYSTEMPATH\CodeIgniter.php(502): CodeIgniter\CodeIgniter->runController(Object(App\Controllers\Auth))
 4 SYSTEMPATH\CodeIgniter.php(361): CodeIgniter\CodeIgniter->handleRequest(null, Object(Config\Cache), false)
 5 FCPATH\index.php(80): CodeIgniter\CodeIgniter->run()
INFO - 2024-01-27 04:10:29 --> Session: Class initialized using 'CodeIgniter\Session\Handlers\FileHandler' driver.
INFO - 2024-01-27 04:10:29 --> Session: Class initialized using 'CodeIgniter\Session\Handlers\FileHandler' driver.
WARNING - 2024-01-27 04:10:29 --> [DEPRECATED] Creation of dynamic property App\Controllers\Dashboard::$userdata is deprecated in APPPATH\Controllers\Dashboard.php on line 16.
 1 SYSTEMPATH\CodeIgniter.php(913): App\Controllers\Dashboard->__construct()
 2 SYSTEMPATH\CodeIgniter.php(493): CodeIgniter\CodeIgniter->createController()
 3 SYSTEMPATH\CodeIgniter.php(361): CodeIgniter\CodeIgniter->handleRequest(null, Object(Config\Cache), false)
 4 FCPATH\index.php(80): CodeIgniter\CodeIgniter->run()
ERROR - 2024-01-27 04:10:29 --> mysqli_sql_exception: Table 'ngo.pgs' doesn't exist in C:\xampp\htdocs\ngo\system\Database\MySQLi\Connection.php:306
Stack trace:
#0 C:\xampp\htdocs\ngo\system\Database\MySQLi\Connection.php(306): mysqli->query('SELECT *\nFROM `...', 0)
#1 C:\xampp\htdocs\ngo\system\Database\BaseConnection.php(693): CodeIgniter\Database\MySQLi\Connection->execute('SELECT *\nFROM `...')
#2 C:\xampp\htdocs\ngo\system\Database\BaseConnection.php(607): CodeIgniter\Database\BaseConnection->simpleQuery('SELECT *\nFROM `...')
#3 C:\xampp\htdocs\ngo\system\Database\BaseBuilder.php(1613): CodeIgniter\Database\BaseConnection->query('SELECT *\nFROM `...', Array, false)
#4 C:\xampp\htdocs\ngo\system\Model.php(872): CodeIgniter\Database\BaseBuilder->get()
#5 C:\xampp\htdocs\ngo\app\Controllers\Dashboard.php(39): CodeIgniter\Model->__call('get', Array)
#6 C:\xampp\htdocs\ngo\system\CodeIgniter.php(941): App\Controllers\Dashboard->index()
#7 C:\xampp\htdocs\ngo\system\CodeIgniter.php(502): CodeIgniter\CodeIgniter->runController(Object(App\Controllers\Dashboard))
#8 C:\xampp\htdocs\ngo\system\CodeIgniter.php(361): CodeIgniter\CodeIgniter->handleRequest(NULL, Object(Config\Cache), false)
#9 C:\xampp\htdocs\ngo\index.php(80): CodeIgniter\CodeIgniter->run()
#10 {main}
CRITICAL - 2024-01-27 04:10:29 --> CodeIgniter\Database\Exceptions\DatabaseException: Table 'ngo.pgs' doesn't exist
in SYSTEMPATH\Database\BaseConnection.php on line 647.
 1 SYSTEMPATH\Database\BaseBuilder.php(1613): CodeIgniter\Database\BaseConnection->query('SELECT *
FROM `pgs`
WHERE `created_by` = :created_by:', [...], false)
 2 SYSTEMPATH\Model.php(872): CodeIgniter\Database\BaseBuilder->get()
 3 APPPATH\Controllers\Dashboard.php(39): CodeIgniter\Model->__call('get', [])
 4 SYSTEMPATH\CodeIgniter.php(941): App\Controllers\Dashboard->index()
 5 SYSTEMPATH\CodeIgniter.php(502): CodeIgniter\CodeIgniter->runController(Object(App\Controllers\Dashboard))
 6 SYSTEMPATH\CodeIgniter.php(361): CodeIgniter\CodeIgniter->handleRequest(null, Object(Config\Cache), false)
 7 FCPATH\index.php(80): CodeIgniter\CodeIgniter->run()
CRITICAL - 2024-01-27 04:10:30 --> [Caused by] CodeIgniter\Database\Exceptions\DatabaseException: Table 'ngo.pgs' doesn't exist
in SYSTEMPATH\Database\MySQLi\Connection.php on line 311.
 1 SYSTEMPATH\Database\BaseConnection.php(693): CodeIgniter\Database\MySQLi\Connection->execute('SELECT *
FROM `pgs`
WHERE `created_by` = \'1\'')
 2 SYSTEMPATH\Database\BaseConnection.php(607): CodeIgniter\Database\BaseConnection->simpleQuery('SELECT *
FROM `pgs`
WHERE `created_by` = \'1\'')
 3 SYSTEMPATH\Database\BaseBuilder.php(1613): CodeIgniter\Database\BaseConnection->query('SELECT *
FROM `pgs`
WHERE `created_by` = :created_by:', [...], false)
 4 SYSTEMPATH\Model.php(872): CodeIgniter\Database\BaseBuilder->get()
 5 APPPATH\Controllers\Dashboard.php(39): CodeIgniter\Model->__call('get', [])
 6 SYSTEMPATH\CodeIgniter.php(941): App\Controllers\Dashboard->index()
 7 SYSTEMPATH\CodeIgniter.php(502): CodeIgniter\CodeIgniter->runController(Object(App\Controllers\Dashboard))
 8 SYSTEMPATH\CodeIgniter.php(361): CodeIgniter\CodeIgniter->handleRequest(null, Object(Config\Cache), false)
 9 FCPATH\index.php(80): CodeIgniter\CodeIgniter->run()
CRITICAL - 2024-01-27 04:10:30 --> [Caused by] mysqli_sql_exception: Table 'ngo.pgs' doesn't exist
in SYSTEMPATH\Database\MySQLi\Connection.php on line 306.
 1 SYSTEMPATH\Database\MySQLi\Connection.php(306): mysqli->query('SELECT *
FROM `pgs`
WHERE `created_by` = \'1\'', 0)
 2 SYSTEMPATH\Database\BaseConnection.php(693): CodeIgniter\Database\MySQLi\Connection->execute('SELECT *
FROM `pgs`
WHERE `created_by` = \'1\'')
 3 SYSTEMPATH\Database\BaseConnection.php(607): CodeIgniter\Database\BaseConnection->simpleQuery('SELECT *
FROM `pgs`
WHERE `created_by` = \'1\'')
 4 SYSTEMPATH\Database\BaseBuilder.php(1613): CodeIgniter\Database\BaseConnection->query('SELECT *
FROM `pgs`
WHERE `created_by` = :created_by:', [...], false)
 5 SYSTEMPATH\Model.php(872): CodeIgniter\Database\BaseBuilder->get()
 6 APPPATH\Controllers\Dashboard.php(39): CodeIgniter\Model->__call('get', [])
 7 SYSTEMPATH\CodeIgniter.php(941): App\Controllers\Dashboard->index()
 8 SYSTEMPATH\CodeIgniter.php(502): CodeIgniter\CodeIgniter->runController(Object(App\Controllers\Dashboard))
 9 SYSTEMPATH\CodeIgniter.php(361): CodeIgniter\CodeIgniter->handleRequest(null, Object(Config\Cache), false)
10 FCPATH\index.php(80): CodeIgniter\CodeIgniter->run()
INFO - 2024-01-27 04:13:39 --> Session: Class initialized using 'CodeIgniter\Session\Handlers\FileHandler' driver.
WARNING - 2024-01-27 04:13:39 --> [DEPRECATED] Creation of dynamic property App\Controllers\Dashboard::$userdata is deprecated in APPPATH\Controllers\Dashboard.php on line 14.
 1 SYSTEMPATH\CodeIgniter.php(913): App\Controllers\Dashboard->__construct()
 2 SYSTEMPATH\CodeIgniter.php(493): CodeIgniter\CodeIgniter->createController()
 3 SYSTEMPATH\CodeIgniter.php(361): CodeIgniter\CodeIgniter->handleRequest(null, Object(Config\Cache), false)
 4 FCPATH\index.php(80): CodeIgniter\CodeIgniter->run()
INFO - 2024-01-27 04:14:33 --> Session: Class initialized using 'CodeIgniter\Session\Handlers\FileHandler' driver.
WARNING - 2024-01-27 04:14:33 --> [DEPRECATED] Creation of dynamic property App\Controllers\Dashboard::$userdata is deprecated in APPPATH\Controllers\Dashboard.php on line 14.
 1 SYSTEMPATH\CodeIgniter.php(913): App\Controllers\Dashboard->__construct()
 2 SYSTEMPATH\CodeIgniter.php(493): CodeIgniter\CodeIgniter->createController()
 3 SYSTEMPATH\CodeIgniter.php(361): CodeIgniter\CodeIgniter->handleRequest(null, Object(Config\Cache), false)
 4 FCPATH\index.php(80): CodeIgniter\CodeIgniter->run()
INFO - 2024-01-27 04:17:19 --> Session: Class initialized using 'CodeIgniter\Session\Handlers\FileHandler' driver.
WARNING - 2024-01-27 04:17:19 --> [DEPRECATED] Creation of dynamic property App\Controllers\Dashboard::$userdata is deprecated in APPPATH\Controllers\Dashboard.php on line 14.
 1 SYSTEMPATH\CodeIgniter.php(913): App\Controllers\Dashboard->__construct()
 2 SYSTEMPATH\CodeIgniter.php(493): CodeIgniter\CodeIgniter->createController()
 3 SYSTEMPATH\CodeIgniter.php(361): CodeIgniter\CodeIgniter->handleRequest(null, Object(Config\Cache), false)
 4 FCPATH\index.php(80): CodeIgniter\CodeIgniter->run()
INFO - 2024-01-27 04:17:32 --> Session: Class initialized using 'CodeIgniter\Session\Handlers\FileHandler' driver.
WARNING - 2024-01-27 04:17:32 --> [DEPRECATED] Creation of dynamic property App\Controllers\Dashboard::$userdata is deprecated in APPPATH\Controllers\Dashboard.php on line 14.
 1 SYSTEMPATH\CodeIgniter.php(913): App\Controllers\Dashboard->__construct()
 2 SYSTEMPATH\CodeIgniter.php(493): CodeIgniter\CodeIgniter->createController()
 3 SYSTEMPATH\CodeIgniter.php(361): CodeIgniter\CodeIgniter->handleRequest(null, Object(Config\Cache), false)
 4 FCPATH\index.php(80): CodeIgniter\CodeIgniter->run()
INFO - 2024-01-27 04:17:43 --> Session: Class initialized using 'CodeIgniter\Session\Handlers\FileHandler' driver.
WARNING - 2024-01-27 04:17:44 --> [DEPRECATED] Creation of dynamic property App\Controllers\Dashboard::$userdata is deprecated in APPPATH\Controllers\Dashboard.php on line 14.
 1 SYSTEMPATH\CodeIgniter.php(913): App\Controllers\Dashboard->__construct()
 2 SYSTEMPATH\CodeIgniter.php(493): CodeIgniter\CodeIgniter->createController()
 3 SYSTEMPATH\CodeIgniter.php(361): CodeIgniter\CodeIgniter->handleRequest(null, Object(Config\Cache), false)
 4 FCPATH\index.php(80): CodeIgniter\CodeIgniter->run()
INFO - 2024-01-27 04:18:38 --> Session: Class initialized using 'CodeIgniter\Session\Handlers\FileHandler' driver.
WARNING - 2024-01-27 04:18:38 --> [DEPRECATED] Creation of dynamic property App\Controllers\Dashboard::$userdata is deprecated in APPPATH\Controllers\Dashboard.php on line 14.
 1 SYSTEMPATH\CodeIgniter.php(913): App\Controllers\Dashboard->__construct()
 2 SYSTEMPATH\CodeIgniter.php(493): CodeIgniter\CodeIgniter->createController()
 3 SYSTEMPATH\CodeIgniter.php(361): CodeIgniter\CodeIgniter->handleRequest(null, Object(Config\Cache), false)
 4 FCPATH\index.php(80): CodeIgniter\CodeIgniter->run()
INFO - 2024-01-27 04:22:49 --> Session: Class initialized using 'CodeIgniter\Session\Handlers\FileHandler' driver.
WARNING - 2024-01-27 04:22:50 --> [DEPRECATED] Creation of dynamic property App\Controllers\Ngos::$userdata is deprecated in APPPATH\Controllers\Ngos.php on line 14.
 1 SYSTEMPATH\CodeIgniter.php(913): App\Controllers\Ngos->__construct()
 2 SYSTEMPATH\CodeIgniter.php(493): CodeIgniter\CodeIgniter->createController()
 3 SYSTEMPATH\CodeIgniter.php(361): CodeIgniter\CodeIgniter->handleRequest(null, Object(Config\Cache), false)
 4 FCPATH\index.php(80): CodeIgniter\CodeIgniter->run()
CRITICAL - 2024-01-27 04:22:50 --> Error: Class "App\Controllers\Pg" not found
in APPPATH\Controllers\Ngos.php on line 20.
 1 SYSTEMPATH\CodeIgniter.php(941): App\Controllers\Ngos->index()
 2 SYSTEMPATH\CodeIgniter.php(502): CodeIgniter\CodeIgniter->runController(Object(App\Controllers\Ngos))
 3 SYSTEMPATH\CodeIgniter.php(361): CodeIgniter\CodeIgniter->handleRequest(null, Object(Config\Cache), false)
 4 FCPATH\index.php(80): CodeIgniter\CodeIgniter->run()
INFO - 2024-01-27 04:23:44 --> Session: Class initialized using 'CodeIgniter\Session\Handlers\FileHandler' driver.
WARNING - 2024-01-27 04:23:44 --> [DEPRECATED] Creation of dynamic property App\Controllers\Ngos::$userdata is deprecated in APPPATH\Controllers\Ngos.php on line 14.
 1 SYSTEMPATH\CodeIgniter.php(913): App\Controllers\Ngos->__construct()
 2 SYSTEMPATH\CodeIgniter.php(493): CodeIgniter\CodeIgniter->createController()
 3 SYSTEMPATH\CodeIgniter.php(361): CodeIgniter\CodeIgniter->handleRequest(null, Object(Config\Cache), false)
 4 FCPATH\index.php(80): CodeIgniter\CodeIgniter->run()
INFO - 2024-01-27 04:24:03 --> Session: Class initialized using 'CodeIgniter\Session\Handlers\FileHandler' driver.
WARNING - 2024-01-27 04:24:03 --> [DEPRECATED] Creation of dynamic property App\Controllers\Ngos::$userdata is deprecated in APPPATH\Controllers\Ngos.php on line 14.
 1 SYSTEMPATH\CodeIgniter.php(913): App\Controllers\Ngos->__construct()
 2 SYSTEMPATH\CodeIgniter.php(493): CodeIgniter\CodeIgniter->createController()
 3 SYSTEMPATH\CodeIgniter.php(361): CodeIgniter\CodeIgniter->handleRequest(null, Object(Config\Cache), false)
 4 FCPATH\index.php(80): CodeIgniter\CodeIgniter->run()
INFO - 2024-01-27 04:24:07 --> Session: Class initialized using 'CodeIgniter\Session\Handlers\FileHandler' driver.
WARNING - 2024-01-27 04:24:07 --> [DEPRECATED] Creation of dynamic property App\Controllers\Ngos::$userdata is deprecated in APPPATH\Controllers\Ngos.php on line 14.
 1 SYSTEMPATH\CodeIgniter.php(913): App\Controllers\Ngos->__construct()
 2 SYSTEMPATH\CodeIgniter.php(493): CodeIgniter\CodeIgniter->createController()
 3 SYSTEMPATH\CodeIgniter.php(361): CodeIgniter\CodeIgniter->handleRequest(null, Object(Config\Cache), false)
 4 FCPATH\index.php(80): CodeIgniter\CodeIgniter->run()
INFO - 2024-01-27 04:33:54 --> Session: Class initialized using 'CodeIgniter\Session\Handlers\FileHandler' driver.
WARNING - 2024-01-27 04:33:54 --> [DEPRECATED] Creation of dynamic property App\Controllers\Ngos::$userdata is deprecated in APPPATH\Controllers\Ngos.php on line 14.
 1 SYSTEMPATH\CodeIgniter.php(913): App\Controllers\Ngos->__construct()
 2 SYSTEMPATH\CodeIgniter.php(493): CodeIgniter\CodeIgniter->createController()
 3 SYSTEMPATH\CodeIgniter.php(361): CodeIgniter\CodeIgniter->handleRequest(null, Object(Config\Cache), false)
 4 FCPATH\index.php(80): CodeIgniter\CodeIgniter->run()
INFO - 2024-01-27 04:33:56 --> Session: Class initialized using 'CodeIgniter\Session\Handlers\FileHandler' driver.
WARNING - 2024-01-27 04:33:56 --> [DEPRECATED] Creation of dynamic property App\Controllers\Ngos::$userdata is deprecated in APPPATH\Controllers\Ngos.php on line 14.
 1 SYSTEMPATH\CodeIgniter.php(913): App\Controllers\Ngos->__construct()
 2 SYSTEMPATH\CodeIgniter.php(493): CodeIgniter\CodeIgniter->createController()
 3 SYSTEMPATH\CodeIgniter.php(361): CodeIgniter\CodeIgniter->handleRequest(null, Object(Config\Cache), false)
 4 FCPATH\index.php(80): CodeIgniter\CodeIgniter->run()
CRITICAL - 2024-01-27 04:33:57 --> ErrorException: Undefined variable $pg
in APPPATH\Views\admin\ngo\add_edit.php on line 4.
 1 APPPATH\Views\admin\ngo\add_edit.php(4): CodeIgniter\Debug\Exceptions->errorHandler(2, 'Undefined variable $pg', 'C:\\xampp\\htdocs\\ngo\\app\\Views\\admin\\ngo\\add_edit.php', 4)
 2 SYSTEMPATH\View\View.php(228): include('C:\\xampp\\htdocs\\ngo\\app\\Views\\admin\\ngo\\add_edit.php')
 3 SYSTEMPATH\View\View.php(231): CodeIgniter\View\View->CodeIgniter\View\{closure}()
 4 SYSTEMPATH\Common.php(1178): CodeIgniter\View\View->render('admin/ngo/add_edit', [], true)
 5 APPPATH\Controllers\Ngos.php(35): view('admin/ngo/add_edit', [...])
 6 SYSTEMPATH\CodeIgniter.php(941): App\Controllers\Ngos->new()
 7 SYSTEMPATH\CodeIgniter.php(502): CodeIgniter\CodeIgniter->runController(Object(App\Controllers\Ngos))
 8 SYSTEMPATH\CodeIgniter.php(361): CodeIgniter\CodeIgniter->handleRequest(null, Object(Config\Cache), false)
 9 FCPATH\index.php(80): CodeIgniter\CodeIgniter->run()
INFO - 2024-01-27 04:34:12 --> Session: Class initialized using 'CodeIgniter\Session\Handlers\FileHandler' driver.
WARNING - 2024-01-27 04:34:12 --> [DEPRECATED] Creation of dynamic property App\Controllers\Ngos::$userdata is deprecated in APPPATH\Controllers\Ngos.php on line 14.
 1 SYSTEMPATH\CodeIgniter.php(913): App\Controllers\Ngos->__construct()
 2 SYSTEMPATH\CodeIgniter.php(493): CodeIgniter\CodeIgniter->createController()
 3 SYSTEMPATH\CodeIgniter.php(361): CodeIgniter\CodeIgniter->handleRequest(null, Object(Config\Cache), false)
 4 FCPATH\index.php(80): CodeIgniter\CodeIgniter->run()
INFO - 2024-01-27 04:34:31 --> Session: Class initialized using 'CodeIgniter\Session\Handlers\FileHandler' driver.
WARNING - 2024-01-27 04:34:31 --> [DEPRECATED] Creation of dynamic property App\Controllers\Ngos::$userdata is deprecated in APPPATH\Controllers\Ngos.php on line 14.
 1 SYSTEMPATH\CodeIgniter.php(913): App\Controllers\Ngos->__construct()
 2 SYSTEMPATH\CodeIgniter.php(493): CodeIgniter\CodeIgniter->createController()
 3 SYSTEMPATH\CodeIgniter.php(361): CodeIgniter\CodeIgniter->handleRequest(null, Object(Config\Cache), false)
 4 FCPATH\index.php(80): CodeIgniter\CodeIgniter->run()
INFO - 2024-01-27 04:34:48 --> Session: Class initialized using 'CodeIgniter\Session\Handlers\FileHandler' driver.
WARNING - 2024-01-27 04:34:48 --> [DEPRECATED] Creation of dynamic property App\Controllers\Ngos::$userdata is deprecated in APPPATH\Controllers\Ngos.php on line 14.
 1 SYSTEMPATH\CodeIgniter.php(913): App\Controllers\Ngos->__construct()
 2 SYSTEMPATH\CodeIgniter.php(493): CodeIgniter\CodeIgniter->createController()
 3 SYSTEMPATH\CodeIgniter.php(361): CodeIgniter\CodeIgniter->handleRequest(null, Object(Config\Cache), false)
 4 FCPATH\index.php(80): CodeIgniter\CodeIgniter->run()
INFO - 2024-01-27 04:35:01 --> Session: Class initialized using 'CodeIgniter\Session\Handlers\FileHandler' driver.
WARNING - 2024-01-27 04:35:02 --> [DEPRECATED] Creation of dynamic property App\Controllers\Ngos::$userdata is deprecated in APPPATH\Controllers\Ngos.php on line 14.
 1 SYSTEMPATH\CodeIgniter.php(913): App\Controllers\Ngos->__construct()
 2 SYSTEMPATH\CodeIgniter.php(493): CodeIgniter\CodeIgniter->createController()
 3 SYSTEMPATH\CodeIgniter.php(361): CodeIgniter\CodeIgniter->handleRequest(null, Object(Config\Cache), false)
 4 FCPATH\index.php(80): CodeIgniter\CodeIgniter->run()
INFO - 2024-01-27 04:35:34 --> Session: Class initialized using 'CodeIgniter\Session\Handlers\FileHandler' driver.
WARNING - 2024-01-27 04:35:34 --> [DEPRECATED] Creation of dynamic property App\Controllers\Ngos::$userdata is deprecated in APPPATH\Controllers\Ngos.php on line 14.
 1 SYSTEMPATH\CodeIgniter.php(913): App\Controllers\Ngos->__construct()
 2 SYSTEMPATH\CodeIgniter.php(493): CodeIgniter\CodeIgniter->createController()
 3 SYSTEMPATH\CodeIgniter.php(361): CodeIgniter\CodeIgniter->handleRequest(null, Object(Config\Cache), false)
 4 FCPATH\index.php(80): CodeIgniter\CodeIgniter->run()
INFO - 2024-01-27 04:35:55 --> Session: Class initialized using 'CodeIgniter\Session\Handlers\FileHandler' driver.
WARNING - 2024-01-27 04:35:56 --> [DEPRECATED] Creation of dynamic property App\Controllers\Ngos::$userdata is deprecated in APPPATH\Controllers\Ngos.php on line 14.
 1 SYSTEMPATH\CodeIgniter.php(913): App\Controllers\Ngos->__construct()
 2 SYSTEMPATH\CodeIgniter.php(493): CodeIgniter\CodeIgniter->createController()
 3 SYSTEMPATH\CodeIgniter.php(361): CodeIgniter\CodeIgniter->handleRequest(null, Object(Config\Cache), false)
 4 FCPATH\index.php(80): CodeIgniter\CodeIgniter->run()
INFO - 2024-01-27 04:36:24 --> Session: Class initialized using 'CodeIgniter\Session\Handlers\FileHandler' driver.
WARNING - 2024-01-27 04:36:24 --> [DEPRECATED] Creation of dynamic property App\Controllers\Ngos::$userdata is deprecated in APPPATH\Controllers\Ngos.php on line 14.
 1 SYSTEMPATH\CodeIgniter.php(913): App\Controllers\Ngos->__construct()
 2 SYSTEMPATH\CodeIgniter.php(493): CodeIgniter\CodeIgniter->createController()
 3 SYSTEMPATH\CodeIgniter.php(361): CodeIgniter\CodeIgniter->handleRequest(null, Object(Config\Cache), false)
 4 FCPATH\index.php(80): CodeIgniter\CodeIgniter->run()
INFO - 2024-01-27 04:38:26 --> Session: Class initialized using 'CodeIgniter\Session\Handlers\FileHandler' driver.
WARNING - 2024-01-27 04:38:26 --> [DEPRECATED] Creation of dynamic property App\Controllers\Ngos::$userdata is deprecated in APPPATH\Controllers\Ngos.php on line 15.
 1 SYSTEMPATH\CodeIgniter.php(913): App\Controllers\Ngos->__construct()
 2 SYSTEMPATH\CodeIgniter.php(493): CodeIgniter\CodeIgniter->createController()
 3 SYSTEMPATH\CodeIgniter.php(361): CodeIgniter\CodeIgniter->handleRequest(null, Object(Config\Cache), false)
 4 FCPATH\index.php(80): CodeIgniter\CodeIgniter->run()
INFO - 2024-01-27 04:38:40 --> Session: Class initialized using 'CodeIgniter\Session\Handlers\FileHandler' driver.
WARNING - 2024-01-27 04:38:40 --> [DEPRECATED] Creation of dynamic property App\Controllers\Ngos::$userdata is deprecated in APPPATH\Controllers\Ngos.php on line 15.
 1 SYSTEMPATH\CodeIgniter.php(913): App\Controllers\Ngos->__construct()
 2 SYSTEMPATH\CodeIgniter.php(493): CodeIgniter\CodeIgniter->createController()
 3 SYSTEMPATH\CodeIgniter.php(361): CodeIgniter\CodeIgniter->handleRequest(null, Object(Config\Cache), false)
 4 FCPATH\index.php(80): CodeIgniter\CodeIgniter->run()
INFO - 2024-01-27 04:38:48 --> Session: Class initialized using 'CodeIgniter\Session\Handlers\FileHandler' driver.
WARNING - 2024-01-27 04:38:48 --> [DEPRECATED] Creation of dynamic property App\Controllers\Ngos::$userdata is deprecated in APPPATH\Controllers\Ngos.php on line 15.
 1 SYSTEMPATH\CodeIgniter.php(913): App\Controllers\Ngos->__construct()
 2 SYSTEMPATH\CodeIgniter.php(493): CodeIgniter\CodeIgniter->createController()
 3 SYSTEMPATH\CodeIgniter.php(361): CodeIgniter\CodeIgniter->handleRequest(null, Object(Config\Cache), false)
 4 FCPATH\index.php(80): CodeIgniter\CodeIgniter->run()
INFO - 2024-01-27 04:39:05 --> Session: Class initialized using 'CodeIgniter\Session\Handlers\FileHandler' driver.
WARNING - 2024-01-27 04:39:05 --> [DEPRECATED] Creation of dynamic property App\Controllers\Ngos::$userdata is deprecated in APPPATH\Controllers\Ngos.php on line 15.
 1 SYSTEMPATH\CodeIgniter.php(913): App\Controllers\Ngos->__construct()
 2 SYSTEMPATH\CodeIgniter.php(493): CodeIgniter\CodeIgniter->createController()
 3 SYSTEMPATH\CodeIgniter.php(361): CodeIgniter\CodeIgniter->handleRequest(null, Object(Config\Cache), false)
 4 FCPATH\index.php(80): CodeIgniter\CodeIgniter->run()
INFO - 2024-01-27 04:39:53 --> Session: Class initialized using 'CodeIgniter\Session\Handlers\FileHandler' driver.
WARNING - 2024-01-27 04:39:53 --> [DEPRECATED] Creation of dynamic property App\Controllers\Ngos::$userdata is deprecated in APPPATH\Controllers\Ngos.php on line 15.
 1 SYSTEMPATH\CodeIgniter.php(913): App\Controllers\Ngos->__construct()
 2 SYSTEMPATH\CodeIgniter.php(493): CodeIgniter\CodeIgniter->createController()
 3 SYSTEMPATH\CodeIgniter.php(361): CodeIgniter\CodeIgniter->handleRequest(null, Object(Config\Cache), false)
 4 FCPATH\index.php(80): CodeIgniter\CodeIgniter->run()
INFO - 2024-01-27 04:40:09 --> Session: Class initialized using 'CodeIgniter\Session\Handlers\FileHandler' driver.
WARNING - 2024-01-27 04:40:09 --> [DEPRECATED] Creation of dynamic property App\Controllers\Ngos::$userdata is deprecated in APPPATH\Controllers\Ngos.php on line 15.
 1 SYSTEMPATH\CodeIgniter.php(913): App\Controllers\Ngos->__construct()
 2 SYSTEMPATH\CodeIgniter.php(493): CodeIgniter\CodeIgniter->createController()
 3 SYSTEMPATH\CodeIgniter.php(361): CodeIgniter\CodeIgniter->handleRequest(null, Object(Config\Cache), false)
 4 FCPATH\index.php(80): CodeIgniter\CodeIgniter->run()
INFO - 2024-01-27 04:40:29 --> Session: Class initialized using 'CodeIgniter\Session\Handlers\FileHandler' driver.
WARNING - 2024-01-27 04:40:29 --> [DEPRECATED] Creation of dynamic property App\Controllers\Ngos::$userdata is deprecated in APPPATH\Controllers\Ngos.php on line 15.
 1 SYSTEMPATH\CodeIgniter.php(913): App\Controllers\Ngos->__construct()
 2 SYSTEMPATH\CodeIgniter.php(493): CodeIgniter\CodeIgniter->createController()
 3 SYSTEMPATH\CodeIgniter.php(361): CodeIgniter\CodeIgniter->handleRequest(null, Object(Config\Cache), false)
 4 FCPATH\index.php(80): CodeIgniter\CodeIgniter->run()
INFO - 2024-01-27 04:41:14 --> Session: Class initialized using 'CodeIgniter\Session\Handlers\FileHandler' driver.
WARNING - 2024-01-27 04:41:14 --> [DEPRECATED] Creation of dynamic property App\Controllers\Ngos::$userdata is deprecated in APPPATH\Controllers\Ngos.php on line 15.
 1 SYSTEMPATH\CodeIgniter.php(913): App\Controllers\Ngos->__construct()
 2 SYSTEMPATH\CodeIgniter.php(493): CodeIgniter\CodeIgniter->createController()
 3 SYSTEMPATH\CodeIgniter.php(361): CodeIgniter\CodeIgniter->handleRequest(null, Object(Config\Cache), false)
 4 FCPATH\index.php(80): CodeIgniter\CodeIgniter->run()
INFO - 2024-01-27 04:41:55 --> Session: Class initialized using 'CodeIgniter\Session\Handlers\FileHandler' driver.
WARNING - 2024-01-27 04:41:55 --> [DEPRECATED] Creation of dynamic property App\Controllers\Ngos::$userdata is deprecated in APPPATH\Controllers\Ngos.php on line 15.
 1 SYSTEMPATH\CodeIgniter.php(913): App\Controllers\Ngos->__construct()
 2 SYSTEMPATH\CodeIgniter.php(493): CodeIgniter\CodeIgniter->createController()
 3 SYSTEMPATH\CodeIgniter.php(361): CodeIgniter\CodeIgniter->handleRequest(null, Object(Config\Cache), false)
 4 FCPATH\index.php(80): CodeIgniter\CodeIgniter->run()
INFO - 2024-01-27 04:42:07 --> Session: Class initialized using 'CodeIgniter\Session\Handlers\FileHandler' driver.
WARNING - 2024-01-27 04:42:07 --> [DEPRECATED] Creation of dynamic property App\Controllers\Ngos::$userdata is deprecated in APPPATH\Controllers\Ngos.php on line 15.
 1 SYSTEMPATH\CodeIgniter.php(913): App\Controllers\Ngos->__construct()
 2 SYSTEMPATH\CodeIgniter.php(493): CodeIgniter\CodeIgniter->createController()
 3 SYSTEMPATH\CodeIgniter.php(361): CodeIgniter\CodeIgniter->handleRequest(null, Object(Config\Cache), false)
 4 FCPATH\index.php(80): CodeIgniter\CodeIgniter->run()
INFO - 2024-01-27 04:42:45 --> Session: Class initialized using 'CodeIgniter\Session\Handlers\FileHandler' driver.
WARNING - 2024-01-27 04:42:45 --> [DEPRECATED] Creation of dynamic property App\Controllers\Ngos::$userdata is deprecated in APPPATH\Controllers\Ngos.php on line 15.
 1 SYSTEMPATH\CodeIgniter.php(913): App\Controllers\Ngos->__construct()
 2 SYSTEMPATH\CodeIgniter.php(493): CodeIgniter\CodeIgniter->createController()
 3 SYSTEMPATH\CodeIgniter.php(361): CodeIgniter\CodeIgniter->handleRequest(null, Object(Config\Cache), false)
 4 FCPATH\index.php(80): CodeIgniter\CodeIgniter->run()
INFO - 2024-01-27 04:42:52 --> Session: Class initialized using 'CodeIgniter\Session\Handlers\FileHandler' driver.
WARNING - 2024-01-27 04:42:52 --> [DEPRECATED] Creation of dynamic property App\Controllers\Ngos::$userdata is deprecated in APPPATH\Controllers\Ngos.php on line 15.
 1 SYSTEMPATH\CodeIgniter.php(913): App\Controllers\Ngos->__construct()
 2 SYSTEMPATH\CodeIgniter.php(493): CodeIgniter\CodeIgniter->createController()
 3 SYSTEMPATH\CodeIgniter.php(361): CodeIgniter\CodeIgniter->handleRequest(null, Object(Config\Cache), false)
 4 FCPATH\index.php(80): CodeIgniter\CodeIgniter->run()
INFO - 2024-01-27 04:43:47 --> Session: Class initialized using 'CodeIgniter\Session\Handlers\FileHandler' driver.
WARNING - 2024-01-27 04:43:47 --> [DEPRECATED] Creation of dynamic property App\Controllers\Ngos::$userdata is deprecated in APPPATH\Controllers\Ngos.php on line 15.
 1 SYSTEMPATH\CodeIgniter.php(913): App\Controllers\Ngos->__construct()
 2 SYSTEMPATH\CodeIgniter.php(493): CodeIgniter\CodeIgniter->createController()
 3 SYSTEMPATH\CodeIgniter.php(361): CodeIgniter\CodeIgniter->handleRequest(null, Object(Config\Cache), false)
 4 FCPATH\index.php(80): CodeIgniter\CodeIgniter->run()
INFO - 2024-01-27 04:53:55 --> Session: Class initialized using 'CodeIgniter\Session\Handlers\FileHandler' driver.
WARNING - 2024-01-27 04:53:55 --> [DEPRECATED] Creation of dynamic property App\Controllers\Ngos::$userdata is deprecated in APPPATH\Controllers\Ngos.php on line 16.
 1 SYSTEMPATH\CodeIgniter.php(913): App\Controllers\Ngos->__construct()
 2 SYSTEMPATH\CodeIgniter.php(493): CodeIgniter\CodeIgniter->createController()
 3 SYSTEMPATH\CodeIgniter.php(361): CodeIgniter\CodeIgniter->handleRequest(null, Object(Config\Cache), false)
 4 FCPATH\index.php(80): CodeIgniter\CodeIgniter->run()
INFO - 2024-01-27 04:53:58 --> Session: Class initialized using 'CodeIgniter\Session\Handlers\FileHandler' driver.
WARNING - 2024-01-27 04:53:58 --> [DEPRECATED] Creation of dynamic property App\Controllers\Ngos::$userdata is deprecated in APPPATH\Controllers\Ngos.php on line 16.
 1 SYSTEMPATH\CodeIgniter.php(913): App\Controllers\Ngos->__construct()
 2 SYSTEMPATH\CodeIgniter.php(493): CodeIgniter\CodeIgniter->createController()
 3 SYSTEMPATH\CodeIgniter.php(361): CodeIgniter\CodeIgniter->handleRequest(null, Object(Config\Cache), false)
 4 FCPATH\index.php(80): CodeIgniter\CodeIgniter->run()
INFO - 2024-01-27 04:54:01 --> Session: Class initialized using 'CodeIgniter\Session\Handlers\FileHandler' driver.
WARNING - 2024-01-27 04:54:01 --> [DEPRECATED] Creation of dynamic property App\Controllers\Ngos::$userdata is deprecated in APPPATH\Controllers\Ngos.php on line 16.
 1 SYSTEMPATH\CodeIgniter.php(913): App\Controllers\Ngos->__construct()
 2 SYSTEMPATH\CodeIgniter.php(493): CodeIgniter\CodeIgniter->createController()
 3 SYSTEMPATH\CodeIgniter.php(361): CodeIgniter\CodeIgniter->handleRequest(null, Object(Config\Cache), false)
 4 FCPATH\index.php(80): CodeIgniter\CodeIgniter->run()
